Visual Studio Code (1.71.2, wsl, desktop)
Jupyter Extension Version: 2022.8.1002431955.
Python Extension Version: 2022.16.1.
Workspace folder /home/gmperez/py-proyect
info 22:35:14.622: ZMQ install verified.
User belongs to experiment group 'jupyterTestcf'
User belongs to experiment group 'jupyterEnhancedDataViewer'
info 22:35:15.943: LSP Notebooks experiment is enabled
info 22:35:16.215: Process Execution: > jupyter notebook --version
> jupyter notebook --version
info 22:35:16.288: Process Execution: > jupyter lab --version
> jupyter lab --version
info 22:35:16.952: Experiment status for python is {"enabled":true,"optInto":[],"optOutFrom":[]}
info 22:35:37.772: Process Execution: > /bin/python3 -m pip list
> /bin/python3 -m pip list
info 21:11:40.909: Shutting down notebooks for aa6e055b-c522-4469-96c8-6bafa0843d0e
info 21:11:40.910: Disposing HostJupyterExecution 764ea356-9946-4727-86d5-724580f49586
info 21:11:40.910: Disposing super HostJupyterExecution 764ea356-9946-4727-86d5-724580f49586
info 21:11:40.914: Disposing HostJupyterExecution 764ea356-9946-4727-86d5-724580f49586
info 21:11:40.914: Finished disposing HostJupyterExecution  764ea356-9946-4727-86d5-724580f49586
info 21:11:41.62: Cleaning up server cache 764ea356-9946-4727-86d5-724580f49586
info 21:11:41.66: Finished disposing HostJupyterExecution  764ea356-9946-4727-86d5-724580f49586
