[Info  - 9:13:42 PM] (502) Pylance language server 2022.12.20 (pyright 621d886b) starting
[Info  - 9:13:42 PM] (502) Server root directory: /home/gmperez/.vscode-server/extensions/ms-python.vscode-pylance-2022.12.20/dist
[Info  - 9:13:42 PM] (502) Starting service instance "gmperez"
[Info  - 9:13:42 PM] (502) Notebook support: LSP
[Info  - 9:13:42 PM] (502) Interactive window support: LSP
[Info  - 9:13:42 PM] (502) No configuration file found.
[Info  - 9:13:42 PM] (502) No pyproject.toml file found.
[Info  - 9:13:42 PM] (502) Setting pythonPath for service "gmperez": "/bin/python3"
[Warn  - 9:13:42 PM] (502) stubPath /home/gmperez/typings is not a valid directory.
[Info  - 9:13:42 PM] (502) Assuming Python version 3.8
[Info  - 9:13:42 PM] (502) Assuming Python platform Linux
[Info  - 9:13:49 PM] (502) Searching for source files
[Info  - 9:13:49 PM] (502) Auto-excluding /home/gmperez/test/python-starterpack/venv
[Info  - 9:13:49 PM] (502) Found 7 source files
[Info  - 9:13:49 PM] (502) Background analysis(1) root directory: /home/gmperez/.vscode-server/extensions/ms-python.vscode-pylance-2022.12.20/dist
[Info  - 9:13:49 PM] (502) Background analysis(1) started
[Info  - 9:16:30 PM] (502) [BG(1)] Long operation: analyzing: /home/gmperez/py-proyect/hello.py (2429ms)
[Info  - 10:59:27 PM] (502) Searching for source files
[Info  - 10:59:27 PM] (502) Auto-excluding /home/gmperez/test/python-starterpack/venv
[Info  - 10:59:27 PM] (502) Found 8 source files
