2022-12-20 21:12:41.413 [info] Extension host with pid 379 started
2022-12-20 21:12:42.285 [info] Lock '/home/gmperez/.vscode-server/data/User/workspaceStorage/d7e505eb3f796e3900c2323759ed8627/vscode.lock': Lock acquired.
2022-12-20 21:12:44.478 [info] ExtensionService#_doActivateExtension vscode.git-base, startup: true, activationEvent: '*', root cause: vscode.git
2022-12-20 21:12:44.481 [info] ExtensionService#_doActivateExtension christian-kohler.path-intellisense, startup: true, activationEvent: '*'
2022-12-20 21:12:44.482 [info] ExtensionService#_doActivateExtension mhutchie.git-graph, startup: true, activationEvent: '*'
2022-12-20 21:12:44.483 [info] ExtensionService#_doActivateExtension naumovs.color-highlight, startup: true, activationEvent: '*'
2022-12-20 21:13:09.287 [info] ExtensionService#_doActivateExtension vscode.debug-auto-launch, startup: false, activationEvent: 'onStartupFinished'
2022-12-20 21:13:09.288 [info] ExtensionService#_doActivateExtension vscode.emmet, startup: false, activationEvent: 'onStartupFinished'
2022-12-20 21:13:09.289 [info] ExtensionService#_doActivateExtension vscode.merge-conflict, startup: false, activationEvent: 'onStartupFinished'
2022-12-20 21:13:09.290 [info] ExtensionService#_doActivateExtension eamodio.gitlens, startup: false, activationEvent: 'onStartupFinished'
2022-12-20 21:13:09.290 [info] ExtensionService#_doActivateExtension vscode.npm, startup: false, activationEvent: 'onStartupFinished', root cause: esbenp.prettier-vscode
2022-12-20 21:13:09.291 [info] ExtensionService#_doActivateExtension ritwickdey.LiveServer, startup: false, activationEvent: 'onStartupFinished'
2022-12-20 21:13:10.938 [info] ExtensionService#_doActivateExtension vscode.git, startup: true, activationEvent: '*'
2022-12-20 21:13:10.938 [info] ExtensionService#_doActivateExtension vscode.github, startup: true, activationEvent: '*'
2022-12-20 21:13:13.578 [info] Eager extensions activated
2022-12-20 21:13:21.156 [info] ExtensionService#_doActivateExtension esbenp.prettier-vscode, startup: false, activationEvent: 'onStartupFinished'
2022-12-20 21:13:38.136 [info] ExtensionService#_doActivateExtension ms-python.python, startup: false, activationEvent: 'workspaceContains:pyproject.toml,.isort,*.py', root cause: ms-python.isort
2022-12-20 21:13:40.253 [info] ExtensionService#_doActivateExtension ms-python.isort, startup: false, activationEvent: 'workspaceContains:pyproject.toml,.isort,*.py'
2022-12-20 21:16:16.331 [info] ExtensionService#_doActivateExtension vscode.html-language-features, startup: false, activationEvent: 'onLanguage:html'
2022-12-20 21:16:25.936 [warning] TextEditor is closed/disposed
2022-12-20 21:16:26.043 [info] ExtensionService#_doActivateExtension ms-python.vscode-pylance, startup: false, activationEvent: 'onLanguage:python'
2022-12-20 21:16:26.043 [info] ExtensionService#_doActivateExtension ms-toolsai.jupyter, startup: false, activationEvent: 'onLanguage:python'
2022-12-20 21:16:29.471 [info] ExtensionService#_doActivateExtension ms-toolsai.jupyter-renderers, startup: false, activationEvent: 'api', root cause: ms-toolsai.jupyter
2022-12-20 21:27:16.115 [warning] [Decorations] CAPPING events from decorations provider vscode.git 10000
2022-12-20 22:59:59.614 [info] ExtensionService#_doActivateExtension vscode.extension-editing, startup: false, activationEvent: 'onLanguage:markdown'
2022-12-20 22:59:59.616 [info] ExtensionService#_doActivateExtension vscode.markdown-language-features, startup: false, activationEvent: 'onLanguage:markdown'
2022-12-20 23:00:01.878 [info] ExtensionService#_doActivateExtension vscode.markdown-math, startup: false, activationEvent: 'api', root cause: vscode.markdown-language-features
2022-12-20 23:00:10.359 [error] {"message":"Git error","stdout":"","stderr":"fatal: Pathspec '/home/gmperez/test/python-starterpack/app' is in submodule 'test/python-starterpack'\n","exitCode":128,"gitErrorCode":"IsInSubmodule"}
2022-12-20 23:00:10.359 [error] {"message":"Git error","stdout":"","stderr":"fatal: Pathspec '/home/gmperez/test/python-starterpack/app' is in submodule 'test/python-starterpack'\n","exitCode":128,"gitErrorCode":"IsInSubmodule"}
2022-12-20 23:00:10.359 [error] {"message":"Git error","stdout":"","stderr":"fatal: Pathspec '/home/gmperez/test/python-starterpack/app' is in submodule 'test/python-starterpack'\n","exitCode":128,"gitErrorCode":"IsInSubmodule"}
2022-12-20 23:00:10.359 [error] {"message":"Git error","stdout":"","stderr":"fatal: Pathspec '/home/gmperez/test/python-starterpack/app' is in submodule 'test/python-starterpack'\n","exitCode":128,"gitErrorCode":"IsInSubmodule"}
2022-12-20 23:00:10.359 [error] {"message":"Git error","stdout":"","stderr":"fatal: Pathspec '/home/gmperez/test/python-starterpack/app' is in submodule 'test/python-starterpack'\n","exitCode":128,"gitErrorCode":"IsInSubmodule"}
2022-12-20 23:00:10.359 [error] {"message":"Git error","stdout":"","stderr":"fatal: Pathspec '/home/gmperez/test/python-starterpack/app' is in submodule 'test/python-starterpack'\n","exitCode":128,"gitErrorCode":"IsInSubmodule"}
2022-12-20 23:00:11.382 [error] {"message":"Git error","stdout":"","stderr":"fatal: Pathspec '/home/gmperez/test/python-starterpack/app' is in submodule 'test/python-starterpack'\n","exitCode":128,"gitErrorCode":"IsInSubmodule"}
2022-12-20 23:00:11.383 [error] {"message":"Git error","stdout":"","stderr":"fatal: Pathspec '/home/gmperez/test/python-starterpack/app' is in submodule 'test/python-starterpack'\n","exitCode":128,"gitErrorCode":"IsInSubmodule"}
2022-12-20 23:00:11.383 [error] {"message":"Git error","stdout":"","stderr":"fatal: Pathspec '/home/gmperez/test/python-starterpack/app' is in submodule 'test/python-starterpack'\n","exitCode":128,"gitErrorCode":"IsInSubmodule"}
2022-12-20 23:00:11.384 [error] {"message":"Git error","stdout":"","stderr":"fatal: Pathspec '/home/gmperez/test/python-starterpack/app' is in submodule 'test/python-starterpack'\n","exitCode":128,"gitErrorCode":"IsInSubmodule"}
2022-12-20 23:00:11.384 [error] {"message":"Git error","stdout":"","stderr":"fatal: Pathspec '/home/gmperez/test/python-starterpack/app' is in submodule 'test/python-starterpack'\n","exitCode":128,"gitErrorCode":"IsInSubmodule"}
2022-12-20 23:00:11.384 [error] {"message":"Git error","stdout":"","stderr":"fatal: Pathspec '/home/gmperez/test/python-starterpack/app' is in submodule 'test/python-starterpack'\n","exitCode":128,"gitErrorCode":"IsInSubmodule"}
2022-12-20 23:00:37.607 [warning] TextEditor is closed/disposed
