2022-12-20 21:13:28.168 [info] Log level: Info
2022-12-20 21:13:28.168 [info] Validating found git in: "git"
2022-12-20 21:13:28.168 [info] Using git "2.25.1" from "git"
2022-12-20 21:13:28.168 [info] > git rev-parse --show-toplevel [1004ms]
2022-12-20 21:13:28.168 [info] fatal: not a git repository (or any of the parent directories): .git
2022-12-20 21:13:28.168 [info] > git rev-parse --show-toplevel [1ms]
2022-12-20 21:13:28.168 [info] fatal: not a git repository (or any of the parent directories): .git
2022-12-20 21:13:28.168 [info] > git rev-parse --show-toplevel [2ms]
2022-12-20 21:13:28.168 [info] fatal: not a git repository (or any of the parent directories): .git
2022-12-20 21:13:28.168 [info] > git rev-parse --show-toplevel [1ms]
2022-12-20 21:13:28.169 [info] fatal: not a git repository (or any of the parent directories): .git
2022-12-20 21:13:28.169 [info] > git rev-parse --show-toplevel [1ms]
2022-12-20 21:13:28.169 [info] fatal: not a git repository (or any of the parent directories): .git
2022-12-20 21:13:28.169 [info] > git rev-parse --show-toplevel [1ms]
2022-12-20 21:13:28.169 [info] fatal: not a git repository (or any of the parent directories): .git
2022-12-20 21:13:28.169 [info] > git rev-parse --show-toplevel [2ms]
2022-12-20 21:13:28.169 [info] fatal: not a git repository (or any of the parent directories): .git
2022-12-20 21:13:28.169 [info] > git rev-parse --show-toplevel [2ms]
2022-12-20 21:13:28.169 [info] fatal: not a git repository (or any of the parent directories): .git
2022-12-20 21:13:28.169 [info] > git rev-parse --show-toplevel [1ms]
2022-12-20 21:13:28.169 [info] fatal: not a git repository (or any of the parent directories): .git
2022-12-20 21:13:28.169 [info] > git rev-parse --show-toplevel [159ms]
2022-12-20 21:13:28.169 [info] fatal: not a git repository (or any of the parent directories): .git
2022-12-20 21:13:28.169 [info] > git rev-parse --show-toplevel [1607ms]
2022-12-20 21:13:28.169 [info] > git rev-parse --git-dir --git-common-dir [2ms]
2022-12-20 21:13:28.169 [info] Open repository: /home/gmperez/project
2022-12-20 21:13:28.169 [info] > git config --get commit.template [142ms]
2022-12-20 21:13:28.169 [info] > git rev-parse --show-toplevel [182ms]
2022-12-20 21:13:28.169 [info] > git rev-parse --git-dir --git-common-dir [1ms]
2022-12-20 21:13:28.169 [info] Open repository: /home/gmperez/py-proyect
2022-12-20 21:13:28.169 [info] > git rev-parse --show-toplevel [8ms]
2022-12-20 21:13:28.169 [info] fatal: not a git repository (or any of the parent directories): .git
2022-12-20 21:13:28.169 [info] > git config --get commit.template [23ms]
2022-12-20 21:13:28.169 [info] > git for-each-ref --format=%(refname)%00%(upstream:short)%00%(objectname)%00%(upstream:track)%00%(upstream:remotename)%00%(upstream:remoteref) refs/heads/master refs/remotes/master [302ms]
2022-12-20 21:13:28.169 [info] > git for-each-ref --format=%(refname)%00%(upstream:short)%00%(objectname)%00%(upstream:track)%00%(upstream:remotename)%00%(upstream:remoteref) refs/heads/master refs/remotes/master [119ms]
2022-12-20 21:13:28.169 [info] > git for-each-ref --sort -committerdate --format %(refname) %(objectname) %(*objectname) [1523ms]
2022-12-20 21:13:28.169 [info] > git for-each-ref --sort -committerdate --format %(refname) %(objectname) %(*objectname) [1952ms]
2022-12-20 21:13:28.169 [info] > git status -z -uall [2189ms]
2022-12-20 21:13:28.169 [info] > git config --get commit.template [8ms]
2022-12-20 21:13:28.169 [info] > git for-each-ref --format=%(refname)%00%(upstream:short)%00%(objectname)%00%(upstream:track)%00%(upstream:remotename)%00%(upstream:remoteref) refs/heads/master refs/remotes/master [2ms]
2022-12-20 21:13:28.169 [info] > git status -z -uall [4ms]
2022-12-20 21:13:28.169 [info] > git for-each-ref --sort -committerdate --format %(refname) %(objectname) %(*objectname) [1ms]
2022-12-20 21:13:28.169 [info] > git status -z -uall [2401ms]
2022-12-20 21:13:28.169 [info] > git config --get commit.template [12ms]
2022-12-20 21:13:28.169 [info] > git for-each-ref --format=%(refname)%00%(upstream:short)%00%(objectname)%00%(upstream:track)%00%(upstream:remotename)%00%(upstream:remoteref) refs/heads/master refs/remotes/master [5ms]
2022-12-20 21:13:28.169 [info] > git status -z -uall [4ms]
2022-12-20 21:13:28.169 [info] > git for-each-ref --sort -committerdate --format %(refname) %(objectname) %(*objectname) [1ms]
2022-12-20 21:13:28.169 [info] > git check-ignore -v -z --stdin [30ms]
2022-12-20 21:13:28.169 [info] > git check-ignore -v -z --stdin [24ms]
2022-12-20 21:13:28.169 [info] > git check-ignore -v -z --stdin [6ms]
2022-12-20 21:13:28.169 [info] > git check-ignore -v -z --stdin [3ms]
2022-12-20 21:13:37.983 [info] > git rev-parse --show-toplevel [13ms]
2022-12-20 21:13:37.983 [info] fatal: not a git repository (or any of the parent directories): .git
2022-12-20 21:15:32.551 [info] > git rev-parse --show-toplevel [42ms]
2022-12-20 21:15:32.551 [info] fatal: not a git repository (or any of the parent directories): .git
2022-12-20 21:16:16.715 [info] > git rev-parse --show-toplevel [372ms]
2022-12-20 21:16:16.731 [info] > git rev-parse --git-dir --git-common-dir [2ms]
2022-12-20 21:16:16.757 [info] Open repository: /home/gmperez/personalProjects/proyectoDemoCursoPrework
2022-12-20 21:16:17.024 [info] > git config --get commit.template [239ms]
2022-12-20 21:16:17.309 [info] > git show --textconv :index.html [179ms]
2022-12-20 21:16:17.313 [info] > git ls-files --stage -- /home/gmperez/personalProjects/proyectoDemoCursoPrework/index.html [143ms]
2022-12-20 21:16:17.346 [info] > git cat-file -s 8a311a0f7d93f2e129414ceccfea66dd15bed1df [11ms]
2022-12-20 21:16:17.480 [info] > git for-each-ref --format=%(refname)%00%(upstream:short)%00%(objectname)%00%(upstream:track)%00%(upstream:remotename)%00%(upstream:remoteref) refs/heads/master refs/remotes/master [173ms]
2022-12-20 21:16:17.552 [info] > git status -z -uall [39ms]
2022-12-20 21:16:17.553 [info] > git for-each-ref --sort -committerdate --format %(refname) %(objectname) %(*objectname) [17ms]
2022-12-20 21:16:17.743 [info] > git check-ignore -v -z --stdin [80ms]
2022-12-20 21:16:17.745 [info] > git check-ignore -v -z --stdin [51ms]
2022-12-20 21:16:17.757 [info] > git check-ignore -v -z --stdin [32ms]
2022-12-20 21:16:23.641 [info] > git check-ignore -v -z --stdin [1ms]
2022-12-20 21:16:30.302 [info] > git show --textconv :hello.py [82ms]
2022-12-20 21:16:30.403 [info] > git ls-files --stage -- /home/gmperez/py-proyect/hello.py [138ms]
2022-12-20 21:16:30.593 [info] > git cat-file -s c209dade5866c1f27a6f8651879f547d136158a6 [124ms]
2022-12-20 21:26:29.215 [info] > git config --get commit.template [3ms]
2022-12-20 21:26:29.228 [info] > git for-each-ref --format=%(refname)%00%(upstream:short)%00%(objectname)%00%(upstream:track)%00%(upstream:remotename)%00%(upstream:remoteref) refs/heads/master refs/remotes/master [2ms]
2022-12-20 21:26:29.258 [info] > git status -z -uall [12ms]
2022-12-20 21:26:29.261 [info] > git for-each-ref --sort -committerdate --format %(refname) %(objectname) %(*objectname) [4ms]
2022-12-20 21:26:29.291 [info] > git ls-files --stage -- /home/gmperez/py-proyect/hello.py [2ms]
2022-12-20 21:26:29.309 [info] > git cat-file -s c209dade5866c1f27a6f8651879f547d136158a6 [4ms]
2022-12-20 21:26:29.369 [info] > git show --textconv :hello.py [2ms]
2022-12-20 21:26:34.297 [info] > git config --get commit.template [12ms]
2022-12-20 21:26:34.298 [info] > git for-each-ref --format=%(refname)%00%(upstream:short)%00%(objectname)%00%(upstream:track)%00%(upstream:remotename)%00%(upstream:remoteref) refs/heads/master refs/remotes/master [3ms]
2022-12-20 21:26:34.317 [info] > git status -z -uall [7ms]
2022-12-20 21:26:34.318 [info] > git for-each-ref --sort -committerdate --format %(refname) %(objectname) %(*objectname) [2ms]
2022-12-20 21:27:01.007 [info] > git rev-parse --show-toplevel [11ms]
2022-12-20 21:27:01.014 [info] > git rev-parse --git-dir --git-common-dir [1ms]
2022-12-20 21:27:01.034 [info] Open repository: /home/gmperez
2022-12-20 21:27:01.073 [info] > git config --get commit.template [2ms]
2022-12-20 21:27:01.096 [warning] No remotes found in the git config file.
2022-12-20 21:27:01.187 [info] > git remote --verbose [91ms]
2022-12-20 21:27:01.187 [info] > git for-each-ref --format=%(refname)%00%(upstream:short)%00%(objectname)%00%(upstream:track)%00%(upstream:remotename)%00%(upstream:remoteref) refs/heads/master refs/remotes/master [102ms]
2022-12-20 21:27:01.262 [info] > git for-each-ref --sort -committerdate --format %(refname) %(objectname) %(*objectname) [46ms]
2022-12-20 21:27:01.460 [info] > git rev-parse --show-toplevel [2ms]
2022-12-20 21:27:01.761 [info] > git check-ignore -v -z --stdin [28ms]
2022-12-20 21:27:01.763 [info] > git check-ignore -v -z --stdin [22ms]
2022-12-20 21:27:01.764 [info] > git check-ignore -v -z --stdin [13ms]
2022-12-20 21:27:01.765 [info] > git check-ignore -v -z --stdin [6ms]
2022-12-20 21:27:02.373 [info] > git ls-files --stage -- /home/gmperez/py-proyect/hello.py [2ms]
2022-12-20 21:27:02.389 [info] > git cat-file -s c209dade5866c1f27a6f8651879f547d136158a6 [1ms]
2022-12-20 21:27:02.408 [info] > git show --textconv :hello.py [2ms]
2022-12-20 21:27:04.233 [info] > git status -z -uall [3033ms] (cancelled)
2022-12-20 21:27:36.856 [info] > git check-ignore -v -z --stdin [1ms]
2022-12-20 21:28:06.875 [info] > git check-ignore -v -z --stdin [1ms]
2022-12-20 21:28:12.021 [info] > git check-ignore -v -z --stdin [2ms]
2022-12-20 21:28:13.809 [info] > git check-ignore -v -z --stdin [5ms]
2022-12-20 21:28:59.637 [info] > git ls-files --stage -- /home/gmperez/py-proyect/hello.py [1ms]
2022-12-20 21:28:59.647 [info] > git cat-file -s c209dade5866c1f27a6f8651879f547d136158a6 [1ms]
2022-12-20 21:28:59.665 [info] > git show --textconv :hello.py [2ms]
2022-12-20 21:30:27.915 [info] > git ls-files --stage -- /home/gmperez/py-proyect/hello.py [2ms]
2022-12-20 21:30:27.928 [info] > git cat-file -s c209dade5866c1f27a6f8651879f547d136158a6 [1ms]
2022-12-20 21:30:27.950 [info] > git show --textconv :hello.py [2ms]
2022-12-20 21:33:13.243 [info] > git check-ignore -v -z --stdin [1ms]
2022-12-20 21:33:14.850 [info] > git check-ignore -v -z --stdin [2ms]
2022-12-20 21:59:28.813 [info] > git check-ignore -v -z --stdin [1ms]
2022-12-20 21:59:31.035 [info] > git show --textconv :GMBOT/gmBot.py [31ms]
2022-12-20 21:59:31.036 [info] > git ls-files --stage -- /home/gmperez/py-proyect/GMBOT/gmBot.py [3ms]
2022-12-20 21:59:31.053 [info] > git cat-file -s e69de29bb2d1d6434b8b29ae775ad8c2e48c5391 [1ms]
2022-12-20 22:01:25.108 [info] > git ls-files --stage -- /home/gmperez/py-proyect/GMBOT/gmBot.py [1ms]
2022-12-20 22:01:25.117 [info] > git cat-file -s e69de29bb2d1d6434b8b29ae775ad8c2e48c5391 [2ms]
2022-12-20 22:01:25.134 [info] > git show --textconv :GMBOT/gmBot.py [2ms]
2022-12-20 22:01:55.950 [info] > git ls-files --stage -- /home/gmperez/py-proyect/GMBOT/gmBot.py [1ms]
2022-12-20 22:01:55.960 [info] > git cat-file -s e69de29bb2d1d6434b8b29ae775ad8c2e48c5391 [1ms]
2022-12-20 22:01:55.985 [info] > git show --textconv :GMBOT/gmBot.py [6ms]
2022-12-20 22:09:40.004 [info] > git ls-files --stage -- /home/gmperez/py-proyect/GMBOT/gmBot.py [1ms]
2022-12-20 22:09:40.012 [info] > git cat-file -s e69de29bb2d1d6434b8b29ae775ad8c2e48c5391 [1ms]
2022-12-20 22:09:40.028 [info] > git show --textconv :GMBOT/gmBot.py [2ms]
2022-12-20 22:14:10.055 [info] > git show --textconv :hello.py [17ms]
2022-12-20 22:14:10.073 [info] > git ls-files --stage -- /home/gmperez/py-proyect/hello.py [21ms]
2022-12-20 22:14:10.094 [info] > git cat-file -s c209dade5866c1f27a6f8651879f547d136158a6 [2ms]
2022-12-20 22:14:35.965 [info] > git ls-files --stage -- /home/gmperez/py-proyect/hello.py [1ms]
2022-12-20 22:14:35.973 [info] > git cat-file -s c209dade5866c1f27a6f8651879f547d136158a6 [0ms]
2022-12-20 22:14:35.989 [info] > git show --textconv :hello.py [1ms]
2022-12-20 22:15:56.259 [info] > git ls-files --stage -- /home/gmperez/py-proyect/hello.py [3ms]
2022-12-20 22:15:56.271 [info] > git cat-file -s c209dade5866c1f27a6f8651879f547d136158a6 [1ms]
2022-12-20 22:15:56.290 [info] > git show --textconv :hello.py [1ms]
2022-12-20 22:16:19.726 [info] > git ls-files --stage -- /home/gmperez/py-proyect/hello.py [3ms]
2022-12-20 22:16:19.735 [info] > git cat-file -s c209dade5866c1f27a6f8651879f547d136158a6 [1ms]
2022-12-20 22:16:19.752 [info] > git show --textconv :hello.py [1ms]
2022-12-20 22:16:41.420 [info] > git ls-files --stage -- /home/gmperez/py-proyect/hello.py [4ms]
2022-12-20 22:16:41.436 [info] > git cat-file -s c209dade5866c1f27a6f8651879f547d136158a6 [2ms]
2022-12-20 22:16:41.454 [info] > git show --textconv :hello.py [1ms]
2022-12-20 22:26:24.918 [info] > git ls-files --stage -- /home/gmperez/py-proyect/hello.py [1ms]
2022-12-20 22:26:24.928 [info] > git cat-file -s c209dade5866c1f27a6f8651879f547d136158a6 [1ms]
2022-12-20 22:26:24.945 [info] > git show --textconv :hello.py [1ms]
2022-12-20 22:57:58.979 [info] > git ls-files --stage -- /home/gmperez/py-proyect/hello.py [3ms]
2022-12-20 22:57:58.992 [info] > git cat-file -s c209dade5866c1f27a6f8651879f547d136158a6 [1ms]
2022-12-20 22:57:59.017 [info] > git show --textconv :hello.py [2ms]
2022-12-20 22:58:42.900 [info] > git ls-files --stage -- /home/gmperez/py-proyect/hello.py [2ms]
2022-12-20 22:58:42.927 [info] > git cat-file -s c209dade5866c1f27a6f8651879f547d136158a6 [1ms]
2022-12-20 22:58:42.944 [info] > git show --textconv :hello.py [2ms]
2022-12-20 22:59:45.556 [info] > git check-ignore -v -z --stdin [16ms]
2022-12-20 22:59:47.536 [info] > git show --textconv :newRep.py [34ms]
2022-12-20 22:59:47.556 [info] > git ls-files --stage -- /home/gmperez/newRep.py [28ms]
2022-12-20 23:00:00.954 [info] > git show --textconv :README.md [24ms]
2022-12-20 23:00:00.954 [info] > git ls-files --stage -- /home/gmperez/personalProjects/proyectoDemoCursoPrework/README.md [12ms]
2022-12-20 23:00:01.006 [info] > git cat-file -s 0109a999c6fd00df687e884426a108ed3dfe316e [15ms]
2022-12-20 23:00:10.357 [info] > git check-ignore -v -z --stdin [9ms]
2022-12-20 23:00:37.872 [info] > git show --textconv :hello.py [15ms]
2022-12-20 23:00:37.884 [info] > git ls-files --stage -- /home/gmperez/hello.py [13ms]
2022-12-20 23:00:37.893 [info] > git cat-file -s e69de29bb2d1d6434b8b29ae775ad8c2e48c5391 [1ms]
2022-12-20 23:00:40.115 [info] > git show --textconv :newRep.py [11ms]
2022-12-20 23:00:40.127 [info] > git ls-files --stage -- /home/gmperez/newRep.py [13ms]
2022-12-20 23:01:56.834 [info] > git check-ignore -v -z --stdin [8ms]
2022-12-20 23:02:02.489 [info] > git show --textconv :.gitignore [33ms]
2022-12-20 23:02:02.516 [info] > git ls-files --stage -- /home/gmperez/.gitignore [30ms]
