[2022-12-08T02:52:30.716Z] Log level: Info
[2022-12-08T02:52:30.732Z] [info] Validating found git in: git
[2022-12-08T02:52:37.100Z] [info] Using git 2.25.1 from git
[2022-12-08T02:52:37.313Z] > git rev-parse --show-toplevel [179ms]
[2022-12-08T02:52:38.074Z] > git rev-parse --git-dir --git-common-dir [659ms]
[2022-12-08T02:52:38.094Z] [info] Open repository: /home/gmperez/py-proyect
[2022-12-08T02:52:38.539Z] > git status -z -uall [426ms]
[2022-12-08T02:52:38.553Z] > git rev-parse --show-toplevel [375ms]
[2022-12-08T02:52:38.574Z] > git rev-parse --show-toplevel [12ms]
[2022-12-08T02:52:38.807Z] > git symbolic-ref --short HEAD [255ms]
[2022-12-08T02:52:38.820Z] > git ls-files --stage -- /home/gmperez/py-proyect/GMBOT/gmBot.py [13ms]
[2022-12-08T02:52:44.233Z] > git show --textconv :GMBOT/gmBot.py [5209ms]
[2022-12-08T02:52:44.234Z] > git check-ignore -v -z --stdin [3575ms]
[2022-12-08T02:52:44.236Z] > git for-each-ref --format=%(refname)%00%(upstream:short)%00%(objectname)%00%(upstream:track)%00%(upstream:remotename)%00%(upstream:remoteref) refs/heads/master refs/remotes/master [5419ms]
[2022-12-08T02:52:44.350Z] > git remote --verbose [76ms]
[2022-12-08T02:52:44.351Z] > git for-each-ref --sort -committerdate --format %(refname) %(objectname) %(*objectname) [95ms]
[2022-12-08T02:52:44.436Z] > git config --get commit.template [55ms]
[2022-12-08T02:52:44.513Z] > git status -z -uall [36ms]
[2022-12-08T02:52:44.540Z] > git symbolic-ref --short HEAD [9ms]
[2022-12-08T02:52:44.567Z] > git for-each-ref --format=%(refname)%00%(upstream:short)%00%(objectname)%00%(upstream:track)%00%(upstream:remotename)%00%(upstream:remoteref) refs/heads/master refs/remotes/master [9ms]
[2022-12-08T02:52:44.690Z] > git remote --verbose [70ms]
[2022-12-08T02:52:44.691Z] > git for-each-ref --sort -committerdate --format %(refname) %(objectname) %(*objectname) [99ms]
[2022-12-08T02:52:45.022Z] > git config --get commit.template [305ms]
[2022-12-08T04:08:40.262Z] > git check-ignore -v -z --stdin [388ms]
[2022-12-08T04:08:40.275Z] > git show --textconv :Newproject.py [265ms]
[2022-12-08T04:08:40.277Z] > git ls-files --stage -- /home/gmperez/py-proyect/Newproject.py [197ms]
[2022-12-08T04:08:40.864Z] > git status -z -uall [60ms]
[2022-12-08T04:08:40.930Z] > git symbolic-ref --short HEAD [5ms]
[2022-12-08T04:08:41.052Z] > git for-each-ref --format=%(refname)%00%(upstream:short)%00%(objectname)%00%(upstream:track)%00%(upstream:remotename)%00%(upstream:remoteref) refs/heads/master refs/remotes/master [1ms]
[2022-12-08T04:08:41.435Z] > git remote --verbose [121ms]
[2022-12-08T04:08:41.437Z] > git for-each-ref --sort -committerdate --format %(refname) %(objectname) %(*objectname) [340ms]
[2022-12-08T04:08:41.597Z] > git config --get commit.template [42ms]
[2022-12-08T04:12:47.377Z] > git show --textconv :notes.txt [17ms]
[2022-12-08T04:12:47.381Z] > git ls-files --stage -- /home/gmperez/py-proyect/notes.txt [6ms]
[2022-12-08T04:12:47.542Z] > git check-ignore -v -z --stdin [2ms]
[2022-12-08T04:12:47.977Z] > git status -z -uall [46ms]
[2022-12-08T04:12:48.125Z] > git symbolic-ref --short HEAD [2ms]
[2022-12-08T04:12:48.273Z] > git for-each-ref --format=%(refname)%00%(upstream:short)%00%(objectname)%00%(upstream:track)%00%(upstream:remotename)%00%(upstream:remoteref) refs/heads/master refs/remotes/master [1ms]
[2022-12-08T04:12:48.603Z] > git remote --verbose [17ms]
[2022-12-08T04:12:48.604Z] > git for-each-ref --sort -committerdate --format %(refname) %(objectname) %(*objectname) [48ms]
[2022-12-08T04:12:48.742Z] > git config --get commit.template [34ms]
