[2022-12-06T03:40:07.083Z] Log level: Info
[2022-12-06T03:40:07.123Z] [info] Validating found git in: git
[2022-12-06T03:40:10.527Z] [info] Using git  from git
[2022-12-06T03:40:11.630Z] > git rev-parse --show-toplevel [1026ms]
[2022-12-06T03:40:11.668Z] > git rev-parse --git-dir --git-common-dir [3ms]
[2022-12-06T03:40:11.697Z] [info] Open repository: /home/gmperez/py-proyect
[2022-12-06T03:40:14.172Z] > git status -z -uall [2445ms]
[2022-12-06T03:40:14.192Z] > git symbolic-ref --short HEAD [5ms]
[2022-12-06T03:40:14.387Z] > git for-each-ref --format=%(refname)%00%(upstream:short)%00%(objectname)%00%(upstream:track)%00%(upstream:remotename)%00%(upstream:remoteref) refs/heads/master refs/remotes/master [182ms]
[2022-12-06T03:40:14.495Z] > git remote --verbose [57ms]
[2022-12-06T03:40:14.497Z] > git for-each-ref --sort -committerdate --format %(refname) %(objectname) %(*objectname) [85ms]
[2022-12-06T03:40:14.559Z] > git check-ignore -v -z --stdin [67ms]
[2022-12-06T03:40:14.664Z] > git config --get commit.template [106ms]
[2022-12-06T03:40:14.689Z] > git status -z -uall [3ms]
[2022-12-06T03:40:14.709Z] > git symbolic-ref --short HEAD [8ms]
[2022-12-06T03:40:14.784Z] > git for-each-ref --format=%(refname)%00%(upstream:short)%00%(objectname)%00%(upstream:track)%00%(upstream:remotename)%00%(upstream:remoteref) refs/heads/master refs/remotes/master [13ms]
[2022-12-06T03:40:14.814Z] > git for-each-ref --sort -committerdate --format %(refname) %(objectname) %(*objectname) [13ms]
[2022-12-06T03:40:14.816Z] > git remote --verbose [4ms]
[2022-12-06T03:40:14.832Z] > git config --get commit.template [1ms]
[2022-12-06T03:41:14.562Z] > git ls-files --stage -- /home/gmperez/py-proyect/hello.py [352ms]
[2022-12-06T03:41:14.770Z] > git cat-file -s c209dade5866c1f27a6f8651879f547d136158a6 [198ms]
[2022-12-06T03:41:14.851Z] > git show --textconv :hello.py [651ms]
[2022-12-06T04:15:20.061Z] > git show --textconv :hello.py [42ms]
[2022-12-06T04:15:20.063Z] > git ls-files --stage -- /home/gmperez/py-proyect/hello.py [5ms]
[2022-12-06T04:15:20.087Z] > git cat-file -s c209dade5866c1f27a6f8651879f547d136158a6 [4ms]
[2022-12-06T04:18:32.246Z] > git check-ignore -v -z --stdin [2ms]
[2022-12-06T04:18:32.789Z] > git status -z -uall [8ms]
[2022-12-06T04:18:32.797Z] > git symbolic-ref --short HEAD [1ms]
[2022-12-06T04:18:32.809Z] > git for-each-ref --format=%(refname)%00%(upstream:short)%00%(objectname)%00%(upstream:track)%00%(upstream:remotename)%00%(upstream:remoteref) refs/heads/master refs/remotes/master [3ms]
[2022-12-06T04:18:32.828Z] > git remote --verbose [1ms]
[2022-12-06T04:18:32.828Z] > git for-each-ref --sort -committerdate --format %(refname) %(objectname) %(*objectname) [11ms]
[2022-12-06T04:18:32.842Z] > git config --get commit.template [2ms]
[2022-12-06T04:18:43.731Z] > git show --textconv :GMBOT/gmBot.py [13ms]
[2022-12-06T04:18:43.731Z] > git ls-files --stage -- /home/gmperez/py-proyect/GMBOT/gmBot.py [4ms]
[2022-12-06T04:18:43.952Z] > git check-ignore -v -z --stdin [2ms]
[2022-12-06T04:18:44.365Z] > git status -z -uall [5ms]
[2022-12-06T04:18:44.394Z] > git symbolic-ref --short HEAD [13ms]
[2022-12-06T04:18:44.413Z] > git for-each-ref --format=%(refname)%00%(upstream:short)%00%(objectname)%00%(upstream:track)%00%(upstream:remotename)%00%(upstream:remoteref) refs/heads/master refs/remotes/master [3ms]
[2022-12-06T04:18:44.450Z] > git remote --verbose [11ms]
[2022-12-06T04:18:44.450Z] > git for-each-ref --sort -committerdate --format %(refname) %(objectname) %(*objectname) [19ms]
[2022-12-06T04:18:44.503Z] > git config --get commit.template [15ms]
[2022-12-06T04:40:46.247Z] > git show --textconv :hello.py [11ms]
[2022-12-06T04:40:46.250Z] > git ls-files --stage -- /home/gmperez/py-proyect/hello.py [6ms]
[2022-12-06T04:40:46.265Z] > git cat-file -s c209dade5866c1f27a6f8651879f547d136158a6 [7ms]
[2022-12-06T04:40:51.516Z] > git show --textconv :GMBOT/gmBot.py [25ms]
[2022-12-06T04:40:51.522Z] > git ls-files --stage -- /home/gmperez/py-proyect/GMBOT/gmBot.py [11ms]
