[2022-10-03 23:29:10.963] [exthost] [info] Extension host with pid 223 started
[2022-10-03 23:29:10.963] [exthost] [error] Error: EEXIST: file already exists, open '/home/gmperez/.vscode-server/data/User/workspaceStorage/d7e505eb3f796e3900c2323759ed8627/vscode.lock'
[2022-10-03 23:29:11.007] [exthost] [info] Lock '/home/gmperez/.vscode-server/data/User/workspaceStorage/d7e505eb3f796e3900c2323759ed8627/vscode.lock': Could not acquire lock, checking if the file is stale.
[2022-10-03 23:29:11.008] [exthost] [info] Lock '/home/gmperez/.vscode-server/data/User/workspaceStorage/d7e505eb3f796e3900c2323759ed8627/vscode.lock': The pid 193 appears to be gone.
[2022-10-03 23:29:11.008] [exthost] [info] Lock '/home/gmperez/.vscode-server/data/User/workspaceStorage/d7e505eb3f796e3900c2323759ed8627/vscode.lock': Deleting a stale lock.
[2022-10-03 23:29:11.333] [exthost] [info] ExtensionService#_doActivateExtension vscode.debug-auto-launch, startup: true, activationEvent: '*'
[2022-10-03 23:29:11.898] [exthost] [info] ExtensionService#_doActivateExtension vscode.git-base, startup: true, activationEvent: '*', root cause: vscode.git
[2022-10-03 23:29:12.309] [exthost] [info] ExtensionService#_doActivateExtension vscode.ipynb, startup: true, activationEvent: '*'
[2022-10-03 23:29:12.544] [exthost] [info] ExtensionService#_doActivateExtension christian-kohler.path-intellisense, startup: true, activationEvent: '*'
[2022-10-03 23:29:14.480] [exthost] [info] ExtensionService#_doActivateExtension naumovs.color-highlight, startup: true, activationEvent: '*'
[2022-10-03 23:29:14.616] [exthost] [info] Lock '/home/gmperez/.vscode-server/data/User/workspaceStorage/d7e505eb3f796e3900c2323759ed8627/vscode.lock': Lock acquired.
[2022-10-03 23:29:17.708] [exthost] [info] ExtensionService#_doActivateExtension vscode.git, startup: true, activationEvent: '*'
[2022-10-03 23:29:18.730] [exthost] [info] ExtensionService#_doActivateExtension vscode.github, startup: true, activationEvent: '*'
[2022-10-03 23:29:21.013] [exthost] [info] ExtensionService#_doActivateExtension vscode.emmet, startup: false, activationEvent: 'onStartupFinished'
[2022-10-03 23:29:21.435] [exthost] [info] ExtensionService#_doActivateExtension vscode.merge-conflict, startup: false, activationEvent: 'onStartupFinished'
[2022-10-03 23:29:21.525] [exthost] [info] ExtensionService#_doActivateExtension vscode.npm, startup: false, activationEvent: 'onStartupFinished', root cause: esbenp.prettier-vscode
[2022-10-03 23:29:22.149] [exthost] [info] ExtensionService#_doActivateExtension ritwickdey.LiveServer, startup: false, activationEvent: 'onStartupFinished'
[2022-10-03 23:29:23.710] [exthost] [info] Eager extensions activated
[2022-10-03 23:29:26.091] [exthost] [info] ExtensionService#_doActivateExtension esbenp.prettier-vscode, startup: false, activationEvent: 'onStartupFinished'
[2022-10-03 23:49:38.499] [exthost] [info] Extension host terminating: received terminate message from renderer
[2022-10-03 23:49:38.499] [exthost] [info] Lock '/home/gmperez/.vscode-server/data/User/workspaceStorage/d7e505eb3f796e3900c2323759ed8627/vscode.lock': Marking the lockfile as scheduled to be released in 6000 ms.
[2022-10-03 23:49:38.533] [exthost] [info] Extension host with pid 223 exiting with code 0
