[2022-10-31 22:34:54.946] [exthost] [info] Extension host with pid 4195 started
[2022-10-31 22:34:55.142] [exthost] [info] Lock '/home/gmperez/.vscode-server/data/User/workspaceStorage/51c7c472843de2a289f763cd2ee66281/vscode.lock': Lock acquired.
[2022-10-31 22:34:55.402] [exthost] [info] ExtensionService#_doActivateExtension vscode.debug-auto-launch, startup: true, activationEvent: '*'
[2022-10-31 22:34:55.434] [exthost] [info] ExtensionService#_doActivateExtension vscode.git-base, startup: true, activationEvent: '*', root cause: vscode.git
[2022-10-31 22:34:55.465] [exthost] [info] ExtensionService#_doActivateExtension vscode.ipynb, startup: true, activationEvent: '*'
[2022-10-31 22:34:55.548] [exthost] [info] ExtensionService#_doActivateExtension christian-kohler.path-intellisense, startup: true, activationEvent: '*'
[2022-10-31 22:34:55.614] [exthost] [info] ExtensionService#_doActivateExtension naumovs.color-highlight, startup: true, activationEvent: '*'
[2022-10-31 22:34:55.754] [exthost] [info] ExtensionService#_doActivateExtension vscode.git, startup: true, activationEvent: '*'
[2022-10-31 22:34:56.137] [exthost] [info] ExtensionService#_doActivateExtension vscode.github, startup: true, activationEvent: '*'
[2022-10-31 22:34:56.596] [exthost] [info] ExtensionService#_doActivateExtension vscode.emmet, startup: false, activationEvent: 'onStartupFinished'
[2022-10-31 22:34:56.703] [exthost] [info] ExtensionService#_doActivateExtension vscode.merge-conflict, startup: false, activationEvent: 'onStartupFinished'
[2022-10-31 22:34:56.724] [exthost] [info] ExtensionService#_doActivateExtension vscode.npm, startup: false, activationEvent: 'onStartupFinished', root cause: esbenp.prettier-vscode
[2022-10-31 22:34:56.875] [exthost] [info] ExtensionService#_doActivateExtension ritwickdey.LiveServer, startup: false, activationEvent: 'onStartupFinished'
[2022-10-31 22:34:56.896] [exthost] [info] Eager extensions activated
[2022-10-31 22:34:57.437] [exthost] [info] ExtensionService#_doActivateExtension esbenp.prettier-vscode, startup: false, activationEvent: 'onStartupFinished'
[2022-10-31 22:35:12.026] [exthost] [info] ExtensionService#_doActivateExtension ms-python.python, startup: false, activationEvent: 'onLanguage:python'
[2022-10-31 22:35:13.123] [exthost] [info] ExtensionService#_doActivateExtension ms-toolsai.jupyter, startup: false, activationEvent: 'onLanguage:python'
[2022-10-31 22:35:15.904] [exthost] [info] ExtensionService#_doActivateExtension ms-toolsai.jupyter-renderers, startup: false, activationEvent: 'api', root cause: ms-toolsai.jupyter
[2022-10-31 22:35:16.535] [exthost] [info] ExtensionService#_doActivateExtension ms-python.vscode-pylance, startup: false, activationEvent: 'onLanguage:python'
[2022-11-01 21:11:40.205] [exthost] [info] Extension host terminating: received terminate message from renderer
[2022-11-01 21:11:40.224] [exthost] [info] Lock '/home/gmperez/.vscode-server/data/User/workspaceStorage/51c7c472843de2a289f763cd2ee66281/vscode.lock': Marking the lockfile as scheduled to be released in 6000 ms.
[2022-11-01 21:11:41.186] [exthost] [error] SyntaxError: Unexpected end of JSON input
	at JSON.parse (<anonymous>)
	at v (/home/gmperez/.vscode-server/bin/74b1f979648cc44d385a2286793c226e611f59e7/out/vs/workbench/api/node/extensionHostProcess.js:92:3472)
	at async /home/gmperez/.vscode-server/bin/74b1f979648cc44d385a2286793c226e611f59e7/out/vs/workbench/api/node/extensionHostProcess.js:92:2352
[2022-11-01 21:11:41.187] [exthost] [info] Lock '/home/gmperez/.vscode-server/data/User/workspaceStorage/51c7c472843de2a289f763cd2ee66281/vscode.lock': The lock was lost unexpectedly.
[2022-11-01 21:11:41.193] [exthost] [info] Extension host with pid 4195 exiting with code 0
