[2022-09-30T04:00:06.564Z] Log level: Info
[2022-09-30T04:00:06.594Z] [info] Validating found git in: git
[2022-09-30T04:00:07.119Z] [info] Using git 2.25.1 from git
[2022-09-30T04:00:07.775Z] > git rev-parse --show-toplevel [623ms]
[2022-09-30T04:00:07.775Z] fatal: not a git repository (or any of the parent directories): .git
[2022-09-30T04:00:07.985Z] > git rev-parse --show-toplevel [181ms]
[2022-09-30T04:00:07.985Z] fatal: not a git repository (or any of the parent directories): .git
[2022-09-30T04:00:07.995Z] > git rev-parse --show-toplevel [2ms]
[2022-09-30T04:00:07.995Z] fatal: not a git repository (or any of the parent directories): .git
[2022-09-30T04:00:08.011Z] > git rev-parse --show-toplevel [3ms]
[2022-09-30T04:00:08.011Z] fatal: not a git repository (or any of the parent directories): .git
[2022-09-30T04:00:08.041Z] > git rev-parse --show-toplevel [14ms]
[2022-09-30T04:00:08.042Z] fatal: not a git repository (or any of the parent directories): .git
[2022-09-30T04:00:08.058Z] > git rev-parse --show-toplevel [1ms]
[2022-09-30T04:00:08.058Z] fatal: not a git repository (or any of the parent directories): .git
[2022-09-30T04:00:08.099Z] > git rev-parse --show-toplevel [28ms]
[2022-09-30T04:00:08.100Z] fatal: not a git repository (or any of the parent directories): .git
[2022-09-30T04:00:08.110Z] > git rev-parse --show-toplevel [2ms]
[2022-09-30T04:00:08.110Z] fatal: not a git repository (or any of the parent directories): .git
[2022-09-30T04:00:08.126Z] > git rev-parse --show-toplevel [5ms]
[2022-09-30T04:00:08.127Z] fatal: not a git repository (or any of the parent directories): .git
[2022-09-30T04:00:40.756Z] > git rev-parse --show-toplevel [33ms]
[2022-09-30T04:00:40.756Z] fatal: not a git repository (or any of the parent directories): .git
