[2022-12-08T03:07:42.867Z] Log level: Info
[2022-12-08T03:07:43.295Z] [info] Validating found git in: git
[2022-12-08T03:07:43.927Z] [info] Using git 2.25.1 from git
[2022-12-08T03:07:45.515Z] > git rev-parse --show-toplevel [1410ms]
[2022-12-08T03:07:45.633Z] > git rev-parse --git-dir --git-common-dir [2ms]
[2022-12-08T03:07:45.761Z] [info] Open repository: /home/gmperez
[2022-12-08T03:10:57.466Z] > git check-ignore -v -z --stdin [3ms]
[2022-12-08T03:11:51.485Z] > git status -z -uall [245680ms]
[2022-12-08T03:11:59.412Z] > git symbolic-ref --short HEAD [3ms]
[2022-12-08T03:11:59.434Z] > git for-each-ref --format=%(refname)%00%(upstream:short)%00%(objectname)%00%(upstream:track)%00%(upstream:remotename)%00%(upstream:remoteref) refs/heads/master refs/remotes/master [14ms]
[2022-12-08T03:11:59.453Z] > git remote --verbose [3ms]
[2022-12-08T03:11:59.454Z] > git for-each-ref --sort -committerdate --format %(refname) %(objectname) %(*objectname) [10ms]
[2022-12-08T03:12:04.748Z] > git config --get commit.template [230ms]
[2022-12-08T03:12:05.837Z] > git status -z -uall [1055ms]
[2022-12-08T03:12:05.837Z] > git symbolic-ref --short HEAD [3ms]
[2022-12-08T03:12:05.870Z] > git for-each-ref --format=%(refname)%00%(upstream:short)%00%(objectname)%00%(upstream:track)%00%(upstream:remotename)%00%(upstream:remoteref) refs/heads/master refs/remotes/master [13ms]
[2022-12-08T03:12:05.931Z] > git remote --verbose [2ms]
[2022-12-08T03:12:05.931Z] > git for-each-ref --sort -committerdate --format %(refname) %(objectname) %(*objectname) [48ms]
[2022-12-08T03:12:09.285Z] > git config --get commit.template [72ms]
[2022-12-08T03:13:44.347Z] > git check-ignore -v -z --stdin [4ms]
[2022-12-08T03:13:45.192Z] > git show --textconv :test/python-starterpack/.hola [18ms]
[2022-12-08T03:13:45.193Z] > git ls-files --stage -- /home/gmperez/test/python-starterpack/.hola [3ms]
[2022-12-08T03:21:05.168Z] > git show --textconv :test/python-starterpack/README.md [87ms]
[2022-12-08T03:21:05.169Z] > git ls-files --stage -- /home/gmperez/test/python-starterpack/README.md [4ms]
[2022-12-08T03:23:25.796Z] > git rev-parse --show-toplevel [229ms]
[2022-12-08T03:23:25.987Z] > git rev-parse --git-dir --git-common-dir [147ms]
[2022-12-08T03:23:26.112Z] [info] Open repository: /home/gmperez/test/python-starterpack
[2022-12-08T03:23:26.164Z] > git status -z -uall [16ms]
[2022-12-08T03:23:26.203Z] > git symbolic-ref --short HEAD [11ms]
[2022-12-08T03:23:26.262Z] > git for-each-ref --format=%(refname)%00%(upstream:short)%00%(objectname)%00%(upstream:track)%00%(upstream:remotename)%00%(upstream:remoteref) refs/heads/master refs/remotes/master [2ms]
[2022-12-08T03:23:26.331Z] > git remote --verbose [3ms]
[2022-12-08T03:23:26.332Z] > git for-each-ref --sort -committerdate --format %(refname) %(objectname) %(*objectname) [14ms]
[2022-12-08T03:23:26.381Z] > git config --get commit.template [2ms]
[2022-12-08T03:23:30.305Z] > git check-ignore -v -z --stdin [1ms]
[2022-12-08T03:23:36.821Z] > git check-ignore -v -z --stdin [17ms]
[2022-12-08T03:23:36.822Z] > git check-ignore -v -z --stdin [3ms]
[2022-12-08T03:23:40.362Z] > git ls-files --stage -- /home/gmperez/test/python-starterpack/README.md [53ms]
[2022-12-08T03:23:40.381Z] > git cat-file -s 6d1182b9d3dfe69dc796eca9552e95ae364137f2 [6ms]
[2022-12-08T03:23:40.505Z] > git show --textconv :README.md [226ms]
[2022-12-08T03:24:45.174Z] > git check-ignore -v -z --stdin [13ms]
[2022-12-08T03:24:50.324Z] > git check-ignore -v -z --stdin [2ms]
[2022-12-08T03:24:51.083Z] > git check-ignore -v -z --stdin [2ms]
[2022-12-08T03:24:52.634Z] > git check-ignore -v -z --stdin [10ms]
[2022-12-08T03:24:53.388Z] > git check-ignore -v -z --stdin [16ms]
[2022-12-08T03:25:02.362Z] > git check-ignore -v -z --stdin [13ms]
[2022-12-08T03:25:04.149Z] > git check-ignore -v -z --stdin [2ms]
[2022-12-08T03:25:05.115Z] > git check-ignore -v -z --stdin [2ms]
[2022-12-08T03:25:05.793Z] > git check-ignore -v -z --stdin [2ms]
[2022-12-08T03:25:27.029Z] > git show --textconv HEAD:.bash_history [23ms]
[2022-12-08T03:25:27.058Z] > git ls-tree -l HEAD -- /home/gmperez/.bash_history [34ms]
[2022-12-08T03:25:27.550Z] > git check-ignore -v -z --stdin [6ms]
[2022-12-08T03:25:55.448Z] > git show --textconv HEAD:.bash_logout [76ms]
[2022-12-08T03:25:55.449Z] > git ls-tree -l HEAD -- /home/gmperez/.bash_logout [27ms]
[2022-12-08T03:26:03.271Z] > git show --textconv HEAD:.bash_history [52ms]
[2022-12-08T03:26:03.275Z] > git ls-tree -l HEAD -- /home/gmperez/.bash_history [8ms]
[2022-12-08T03:26:07.819Z] > git show --textconv HEAD:.lesshst [56ms]
[2022-12-08T03:26:07.828Z] > git ls-tree -l HEAD -- /home/gmperez/.lesshst [25ms]
[2022-12-08T03:26:10.925Z] > git show --textconv HEAD:.gitconfig [21ms]
[2022-12-08T03:26:10.927Z] > git ls-tree -l HEAD -- /home/gmperez/.gitconfig [12ms]
[2022-12-08T03:26:13.378Z] > git show --textconv HEAD:.bashrc [37ms]
[2022-12-08T03:26:13.378Z] > git ls-tree -l HEAD -- /home/gmperez/.bashrc [2ms]
[2022-12-08T03:26:40.212Z] > git show --textconv HEAD:.bash_history [29ms]
[2022-12-08T03:26:40.224Z] > git ls-tree -l HEAD -- /home/gmperez/.bash_history [19ms]
[2022-12-08T03:26:44.690Z] > git show --textconv HEAD:.bash_logout [20ms]
[2022-12-08T03:26:44.691Z] > git ls-tree -l HEAD -- /home/gmperez/.bash_logout [9ms]
[2022-12-08T03:26:50.038Z] > git check-ignore -v -z --stdin [4ms]
[2022-12-08T03:26:51.265Z] > git check-ignore -v -z --stdin [20ms]
[2022-12-08T03:26:52.349Z] > git check-ignore -v -z --stdin [5ms]
[2022-12-08T03:27:30.624Z] > git ls-tree -l HEAD -- /home/gmperez/.bash_logout [16ms]
[2022-12-08T03:28:21.239Z] > git show --textconv HEAD:.npm/_cacache/index-v5/f7/3f/9c0fad120c917808893aac66f088217af3f880bb8e51845eec83481f0272 [22ms]
[2022-12-08T03:28:21.251Z] > git ls-tree -l HEAD -- /home/gmperez/.npm/_cacache/index-v5/f7/3f/9c0fad120c917808893aac66f088217af3f880bb8e51845eec83481f0272 [18ms]
[2022-12-08T03:28:21.986Z] > git check-ignore -v -z --stdin [3ms]
[2022-12-08T03:28:36.430Z] > git check-ignore -v -z --stdin [2ms]
[2022-12-08T03:28:39.763Z] > git show --textconv HEAD:.bash_logout [48ms]
[2022-12-08T03:28:39.764Z] > git ls-tree -l HEAD -- /home/gmperez/.bash_logout [7ms]
[2022-12-08T03:30:49.022Z] > git ls-tree -l HEAD -- /home/gmperez/.bash_logout [5ms]
[2022-12-08T03:31:03.136Z] > git ls-tree -l HEAD -- /home/gmperez/.bash_logout [4ms]
[2022-12-08T03:31:12.458Z] > git show --textconv HEAD:.bash_history [24ms]
[2022-12-08T03:31:12.458Z] > git ls-tree -l HEAD -- /home/gmperez/.bash_history [2ms]
[2022-12-08T03:31:32.370Z] > git check-ignore -v -z --stdin [1ms]
[2022-12-08T03:31:35.186Z] > git check-ignore -v -z --stdin [2ms]
[2022-12-08T03:31:36.652Z] > git check-ignore -v -z --stdin [2ms]
[2022-12-08T03:31:38.953Z] > git check-ignore -v -z --stdin [1ms]
[2022-12-08T03:32:20.718Z] > git show --textconv HEAD:.gitconfig [35ms]
[2022-12-08T03:32:20.733Z] > git ls-tree -l HEAD -- /home/gmperez/.gitconfig [32ms]
[2022-12-08T03:35:43.278Z] > git ls-tree -l HEAD -- /home/gmperez/.gitconfig [1ms]
[2022-12-08T03:35:43.279Z] fatal: not a git repository (or any of the parent directories): .git
[2022-12-08T03:35:45.424Z] > git check-ignore -v -z --stdin [1ms]
[2022-12-08T03:38:26.807Z] > git status -z -uall [2ms]
[2022-12-08T03:38:26.818Z] > git symbolic-ref --short HEAD [2ms]
[2022-12-08T03:38:26.832Z] > git for-each-ref --format=%(refname)%00%(upstream:short)%00%(objectname)%00%(upstream:track)%00%(upstream:remotename)%00%(upstream:remoteref) refs/heads/master refs/remotes/master [2ms]
[2022-12-08T03:38:26.904Z] > git remote --verbose [4ms]
[2022-12-08T03:38:26.904Z] > git for-each-ref --sort -committerdate --format %(refname) %(objectname) %(*objectname) [38ms]
[2022-12-08T03:38:26.943Z] > git config --get commit.template [2ms]
[2022-12-08T03:42:21.175Z] > git status -z -uall [2ms]
[2022-12-08T03:42:21.204Z] > git symbolic-ref --short HEAD [2ms]
[2022-12-08T03:42:21.223Z] > git for-each-ref --format=%(refname)%00%(upstream:short)%00%(objectname)%00%(upstream:track)%00%(upstream:remotename)%00%(upstream:remoteref) refs/heads/master refs/remotes/master [7ms]
[2022-12-08T03:42:21.280Z] > git for-each-ref --sort -committerdate --format %(refname) %(objectname) %(*objectname) [31ms]
[2022-12-08T03:42:21.286Z] > git remote --verbose [11ms]
[2022-12-08T03:42:21.355Z] > git config --get commit.template [10ms]
[2022-12-08T03:45:01.487Z] > git status -z -uall [2ms]
[2022-12-08T03:45:01.524Z] > git symbolic-ref --short HEAD [1ms]
[2022-12-08T03:45:01.568Z] > git for-each-ref --format=%(refname)%00%(upstream:short)%00%(objectname)%00%(upstream:track)%00%(upstream:remotename)%00%(upstream:remoteref) refs/heads/master refs/remotes/master [11ms]
[2022-12-08T03:45:01.616Z] > git remote --verbose [3ms]
[2022-12-08T03:45:01.616Z] > git for-each-ref --sort -committerdate --format %(refname) %(objectname) %(*objectname) [20ms]
[2022-12-08T03:45:01.649Z] > git config --get commit.template [7ms]
[2022-12-08T03:46:30.582Z] > git status -z -uall [6ms]
[2022-12-08T03:46:30.602Z] > git symbolic-ref --short HEAD [8ms]
[2022-12-08T03:46:30.623Z] > git for-each-ref --format=%(refname)%00%(upstream:short)%00%(objectname)%00%(upstream:track)%00%(upstream:remotename)%00%(upstream:remoteref) refs/heads/master refs/remotes/master [2ms]
[2022-12-08T03:46:30.676Z] > git remote --verbose [5ms]
[2022-12-08T03:46:30.677Z] > git for-each-ref --sort -committerdate --format %(refname) %(objectname) %(*objectname) [30ms]
[2022-12-08T03:46:30.707Z] > git config --get commit.template [2ms]
[2022-12-08T03:51:39.811Z] > git status -z -uall [2ms]
[2022-12-08T03:51:39.825Z] > git symbolic-ref --short HEAD [2ms]
[2022-12-08T03:51:39.839Z] > git for-each-ref --format=%(refname)%00%(upstream:short)%00%(objectname)%00%(upstream:track)%00%(upstream:remotename)%00%(upstream:remoteref) refs/heads/master refs/remotes/master [5ms]
[2022-12-08T03:51:39.865Z] > git for-each-ref --sort -committerdate --format %(refname) %(objectname) %(*objectname) [14ms]
[2022-12-08T03:51:39.866Z] > git remote --verbose [3ms]
[2022-12-08T03:51:39.892Z] > git config --get commit.template [3ms]
[2022-12-08T03:54:54.884Z] > git rev-parse --show-toplevel [21ms]
[2022-12-08T03:54:54.885Z] fatal: not a git repository (or any of the parent directories): .git
[2022-12-08T03:54:55.619Z] > git show --textconv :README.md [59ms]
[2022-12-08T03:54:55.622Z] > git ls-files --stage -- /home/gmperez/test/python-starterpack/README.md [47ms]
[2022-12-08T03:54:55.711Z] > git cat-file -s 6d1182b9d3dfe69dc796eca9552e95ae364137f2 [33ms]
[2022-12-08T03:55:38.282Z] > git ls-tree -l HEAD -- /home/gmperez/test/python-starterpack/.hola [3ms]
[2022-12-08T03:55:38.328Z] > git show --textconv HEAD:.hola [78ms]
[2022-12-08T03:56:08.867Z] > git show --textconv :.hola [12ms]
[2022-12-08T03:56:08.871Z] > git ls-files --stage -- /home/gmperez/test/python-starterpack/.hola [7ms]
[2022-12-08T03:56:41.384Z] > git show --textconv :README.md [20ms]
[2022-12-08T03:56:41.385Z] > git ls-files --stage -- /home/gmperez/test/python-starterpack/README.md [8ms]
[2022-12-08T03:56:41.406Z] > git cat-file -s 6d1182b9d3dfe69dc796eca9552e95ae364137f2 [2ms]
[2022-12-08T03:58:24.199Z] > git status -z -uall [2ms]
[2022-12-08T03:58:24.215Z] > git symbolic-ref --short HEAD [3ms]
[2022-12-08T03:58:24.237Z] > git for-each-ref --format=%(refname)%00%(upstream:short)%00%(objectname)%00%(upstream:track)%00%(upstream:remotename)%00%(upstream:remoteref) refs/heads/master refs/remotes/master [2ms]
[2022-12-08T03:58:24.273Z] > git remote --verbose [2ms]
[2022-12-08T03:58:24.274Z] > git for-each-ref --sort -committerdate --format %(refname) %(objectname) %(*objectname) [23ms]
[2022-12-08T03:58:24.316Z] > git config --get commit.template [8ms]
[2022-12-08T03:58:24.378Z] > git ls-tree -l HEAD -- /home/gmperez/test/python-starterpack/.hola [21ms]
[2022-12-08T03:58:24.398Z] > git ls-files --stage -- /home/gmperez/test/python-starterpack/README.md [29ms]
[2022-12-08T03:58:24.415Z] > git cat-file -s 6d1182b9d3dfe69dc796eca9552e95ae364137f2 [3ms]
[2022-12-08T03:58:24.534Z] > git show --textconv HEAD:.hola [60ms]
[2022-12-08T03:58:24.535Z] > git show --textconv :README.md [2ms]
[2022-12-08T03:58:29.350Z] > git status -z -uall [6ms]
[2022-12-08T03:58:29.374Z] > git symbolic-ref --short HEAD [3ms]
[2022-12-08T03:58:29.426Z] > git for-each-ref --format=%(refname)%00%(upstream:short)%00%(objectname)%00%(upstream:track)%00%(upstream:remotename)%00%(upstream:remoteref) refs/heads/master refs/remotes/master [2ms]
[2022-12-08T03:58:29.472Z] > git remote --verbose [6ms]
[2022-12-08T03:58:29.473Z] > git for-each-ref --sort -committerdate --format %(refname) %(objectname) %(*objectname) [21ms]
[2022-12-08T03:58:29.506Z] > git config --get commit.template [17ms]
[2022-12-08T03:59:51.037Z] > git status -z -uall [10ms]
[2022-12-08T03:59:51.056Z] > git symbolic-ref --short HEAD [4ms]
[2022-12-08T03:59:51.089Z] > git for-each-ref --format=%(refname)%00%(upstream:short)%00%(objectname)%00%(upstream:track)%00%(upstream:remotename)%00%(upstream:remoteref) refs/heads/master refs/remotes/master [4ms]
[2022-12-08T03:59:51.140Z] > git remote --verbose [3ms]
[2022-12-08T03:59:51.140Z] > git for-each-ref --sort -committerdate --format %(refname) %(objectname) %(*objectname) [28ms]
[2022-12-08T03:59:51.229Z] > git ls-files --stage -- /home/gmperez/test/python-starterpack/README.md [2ms]
[2022-12-08T03:59:51.249Z] > git ls-tree -l HEAD -- /home/gmperez/test/python-starterpack/.hola [47ms]
[2022-12-08T03:59:51.250Z] > git config --get commit.template [74ms]
[2022-12-08T03:59:51.253Z] > git cat-file -s 6d1182b9d3dfe69dc796eca9552e95ae364137f2 [4ms]
[2022-12-08T03:59:51.273Z] > git show --textconv HEAD:.hola [4ms]
[2022-12-08T03:59:51.376Z] > git show --textconv :README.md [3ms]
[2022-12-08T04:00:09.262Z] > git ls-tree -l HEAD -- /home/gmperez/test/python-starterpack/.hola [5ms]
[2022-12-08T04:00:11.058Z] > git ls-tree -l HEAD -- /home/gmperez/test/python-starterpack/.hola [2ms]
[2022-12-08T04:00:26.626Z] > git ls-tree -l HEAD -- /home/gmperez/test/python-starterpack/.hola [3ms]
[2022-12-08T04:00:27.080Z] > git add -A -- /home/gmperez/test/python-starterpack/.hola /home/gmperez/test/python-starterpack/README.md [100ms]
[2022-12-08T04:00:27.119Z] > git status -z -uall [3ms]
[2022-12-08T04:00:27.165Z] > git symbolic-ref --short HEAD [11ms]
[2022-12-08T04:00:27.221Z] > git for-each-ref --format=%(refname)%00%(upstream:short)%00%(objectname)%00%(upstream:track)%00%(upstream:remotename)%00%(upstream:remoteref) refs/heads/master refs/remotes/master [12ms]
[2022-12-08T04:00:27.323Z] > git remote --verbose [19ms]
[2022-12-08T04:00:27.324Z] > git for-each-ref --sort -committerdate --format %(refname) %(objectname) %(*objectname) [64ms]
[2022-12-08T04:00:27.366Z] > git config --get commit.template [1ms]
[2022-12-08T04:00:27.471Z] > git -c user.useConfigOnly=true commit --quiet --allow-empty-message --file - [49ms]
[2022-12-08T04:00:27.498Z] > git status -z -uall [11ms]
[2022-12-08T04:00:27.542Z] > git symbolic-ref --short HEAD [13ms]
[2022-12-08T04:00:27.609Z] > git for-each-ref --format=%(refname)%00%(upstream:short)%00%(objectname)%00%(upstream:track)%00%(upstream:remotename)%00%(upstream:remoteref) refs/heads/master refs/remotes/master [47ms]
[2022-12-08T04:00:27.688Z] > git remote --verbose [24ms]
[2022-12-08T04:00:27.688Z] > git for-each-ref --sort -committerdate --format %(refname) %(objectname) %(*objectname) [52ms]
[2022-12-08T04:00:27.783Z] > git config --get commit.template [19ms]
[2022-12-08T04:00:27.802Z] > git config --get commit.template [1ms]
[2022-12-08T04:00:27.878Z] > git status -z -uall [2ms]
[2022-12-08T04:00:27.889Z] > git symbolic-ref --short HEAD [2ms]
[2022-12-08T04:00:27.917Z] > git for-each-ref --format=%(refname)%00%(upstream:short)%00%(objectname)%00%(upstream:track)%00%(upstream:remotename)%00%(upstream:remoteref) refs/heads/master refs/remotes/master [1ms]
[2022-12-08T04:00:27.963Z] > git for-each-ref --sort -committerdate --format %(refname) %(objectname) %(*objectname) [15ms]
[2022-12-08T04:00:27.964Z] > git remote --verbose [5ms]
[2022-12-08T04:00:27.978Z] > git config --get commit.template [1ms]
[2022-12-08T04:00:29.120Z] > git ls-files --stage -- /home/gmperez/test/python-starterpack/README.md [2ms]
[2022-12-08T04:00:29.139Z] > git ls-tree -l HEAD -- /home/gmperez/test/python-starterpack/.hola [51ms]
[2022-12-08T04:00:29.166Z] > git cat-file -s cc565671ca6b12a77fccae992d0283094504d7c4 [28ms]
[2022-12-08T04:00:29.168Z] > git show --textconv HEAD:.hola [3ms]
[2022-12-08T04:00:29.216Z] > git show --textconv :README.md [6ms]
[2022-12-08T04:00:32.998Z] > git status -z -uall [7ms]
[2022-12-08T04:00:33.015Z] > git symbolic-ref --short HEAD [3ms]
[2022-12-08T04:00:33.050Z] > git for-each-ref --format=%(refname)%00%(upstream:short)%00%(objectname)%00%(upstream:track)%00%(upstream:remotename)%00%(upstream:remoteref) refs/heads/master refs/remotes/master [3ms]
[2022-12-08T04:00:33.095Z] > git for-each-ref --sort -committerdate --format %(refname) %(objectname) %(*objectname) [19ms]
[2022-12-08T04:00:33.098Z] > git remote --verbose [13ms]
[2022-12-08T04:00:33.138Z] > git config --get commit.template [4ms]
[2022-12-08T04:00:41.010Z] > git status -z -uall [6ms]
[2022-12-08T04:00:41.046Z] > git symbolic-ref --short HEAD [3ms]
[2022-12-08T04:00:41.077Z] > git for-each-ref --format=%(refname)%00%(upstream:short)%00%(objectname)%00%(upstream:track)%00%(upstream:remotename)%00%(upstream:remoteref) refs/heads/master refs/remotes/master [10ms]
[2022-12-08T04:00:41.114Z] > git for-each-ref --sort -committerdate --format %(refname) %(objectname) %(*objectname) [25ms]
[2022-12-08T04:00:41.117Z] > git remote --verbose [5ms]
[2022-12-08T04:00:41.216Z] > git config --get commit.template [4ms]
[2022-12-08T04:00:41.217Z] > git ls-files --stage -- /home/gmperez/test/python-starterpack/README.md [21ms]
[2022-12-08T04:00:41.244Z] > git ls-tree -l HEAD -- /home/gmperez/test/python-starterpack/.hola [67ms]
[2022-12-08T04:00:41.247Z] > git cat-file -s cc565671ca6b12a77fccae992d0283094504d7c4 [3ms]
[2022-12-08T04:00:41.428Z] > git show --textconv HEAD:.hola [45ms]
[2022-12-08T04:00:41.429Z] > git show --textconv :README.md [2ms]
[2022-12-08T04:00:50.173Z] > git ls-tree -l HEAD -- /home/gmperez/test/python-starterpack/.hola [2ms]
[2022-12-08T04:01:14.874Z] > git ls-tree -l HEAD -- /home/gmperez/test/python-starterpack/.hola [5ms]
[2022-12-08T04:01:54.943Z] > git show --textconv :README.md [110ms]
[2022-12-08T04:01:54.944Z] > git ls-files --stage -- /home/gmperez/test/python-starterpack/README.md [66ms]
[2022-12-08T04:01:54.975Z] > git cat-file -s cc565671ca6b12a77fccae992d0283094504d7c4 [2ms]
[2022-12-08T04:02:00.861Z] > git show --textconv :README.md [75ms]
[2022-12-08T04:02:00.862Z] > git ls-files --stage -- /home/gmperez/test/python-starterpack/README.md [7ms]
[2022-12-08T04:02:00.912Z] > git cat-file -s cc565671ca6b12a77fccae992d0283094504d7c4 [2ms]
[2022-12-08T04:02:02.012Z] > git ls-tree -l HEAD -- /home/gmperez/test/python-starterpack/.hola [6ms]
[2022-12-08T04:02:04.933Z] > git show --textconv :README.md [177ms]
[2022-12-08T04:02:04.934Z] > git ls-files --stage -- /home/gmperez/test/python-starterpack/README.md [145ms]
[2022-12-08T04:02:04.963Z] > git cat-file -s cc565671ca6b12a77fccae992d0283094504d7c4 [3ms]
[2022-12-08T04:18:55.875Z] > git status -z -uall [3ms]
[2022-12-08T04:18:55.925Z] > git symbolic-ref --short HEAD [6ms]
[2022-12-08T04:18:55.976Z] > git for-each-ref --format=%(refname)%00%(upstream:short)%00%(objectname)%00%(upstream:track)%00%(upstream:remotename)%00%(upstream:remoteref) refs/heads/master refs/remotes/master [8ms]
[2022-12-08T04:18:56.034Z] > git for-each-ref --sort -committerdate --format %(refname) %(objectname) %(*objectname) [45ms]
[2022-12-08T04:18:56.035Z] > git remote --verbose [9ms]
[2022-12-08T04:18:56.126Z] > git config --get commit.template [1ms]
[2022-12-08T04:18:56.910Z] > git check-ignore -v -z --stdin [1ms]
[2022-12-08T04:19:22.273Z] > git check-ignore -v -z --stdin [2ms]
[2022-12-08T04:20:50.150Z] > git status -z -uall [8ms]
[2022-12-08T04:20:50.162Z] > git symbolic-ref --short HEAD [3ms]
[2022-12-08T04:20:50.179Z] > git for-each-ref --format=%(refname)%00%(upstream:short)%00%(objectname)%00%(upstream:track)%00%(upstream:remotename)%00%(upstream:remoteref) refs/heads/master refs/remotes/master [4ms]
[2022-12-08T04:20:50.214Z] > git remote --verbose [3ms]
[2022-12-08T04:20:50.214Z] > git for-each-ref --sort -committerdate --format %(refname) %(objectname) %(*objectname) [22ms]
[2022-12-08T04:20:50.233Z] > git config --get commit.template [2ms]
[2022-12-08T04:20:50.968Z] > git check-ignore -v -z --stdin [1ms]
[2022-12-08T04:20:55.249Z] > git status -z -uall [6ms]
[2022-12-08T04:20:55.264Z] > git symbolic-ref --short HEAD [2ms]
[2022-12-08T04:20:55.281Z] > git for-each-ref --format=%(refname)%00%(upstream:short)%00%(objectname)%00%(upstream:track)%00%(upstream:remotename)%00%(upstream:remoteref) refs/heads/master refs/remotes/master [4ms]
[2022-12-08T04:20:55.305Z] > git remote --verbose [1ms]
[2022-12-08T04:20:55.306Z] > git for-each-ref --sort -committerdate --format %(refname) %(objectname) %(*objectname) [15ms]
[2022-12-08T04:20:55.356Z] > git config --get commit.template [2ms]
[2022-12-08T04:20:56.890Z] > git check-ignore -v -z --stdin [4ms]
[2022-12-08T04:20:58.110Z] > git check-ignore -v -z --stdin [2ms]
[2022-12-08T04:21:05.766Z] > git check-ignore -v -z --stdin [1ms]
[2022-12-08T04:21:06.702Z] > git check-ignore -v -z --stdin [2ms]
[2022-12-08T04:21:11.584Z] > git check-ignore -v -z --stdin [1ms]
[2022-12-08T04:21:13.990Z] > git check-ignore -v -z --stdin [2ms]
[2022-12-08T04:22:17.595Z] > git check-ignore -v -z --stdin [1ms]
[2022-12-08T04:22:20.733Z] > git check-ignore -v -z --stdin [1ms]
[2022-12-08T04:22:23.706Z] > git check-ignore -v -z --stdin [1ms]
[2022-12-08T04:22:25.011Z] > git check-ignore -v -z --stdin [1ms]
[2022-12-08T04:23:40.266Z] > git check-ignore -v -z --stdin [13ms]
[2022-12-08T04:23:40.387Z] > git ls-files --stage -- /home/gmperez/test/python-starterpack/.gitignore [3ms]
[2022-12-08T04:23:40.407Z] > git show --textconv :.gitignore [51ms]
[2022-12-08T04:23:40.598Z] > git status -z -uall [19ms]
[2022-12-08T04:23:40.636Z] > git symbolic-ref --short HEAD [13ms]
[2022-12-08T04:23:40.666Z] > git for-each-ref --format=%(refname)%00%(upstream:short)%00%(objectname)%00%(upstream:track)%00%(upstream:remotename)%00%(upstream:remoteref) refs/heads/master refs/remotes/master [17ms]
[2022-12-08T04:23:40.800Z] > git for-each-ref --sort -committerdate --format %(refname) %(objectname) %(*objectname) [104ms]
[2022-12-08T04:23:40.802Z] > git remote --verbose [12ms]
[2022-12-08T04:23:41.433Z] > git config --get commit.template [532ms]
[2022-12-08T04:23:44.893Z] > git show --textconv :README.md [17ms]
[2022-12-08T04:23:44.906Z] > git ls-files --stage -- /home/gmperez/test/python-starterpack/README.md [15ms]
[2022-12-08T04:23:44.933Z] > git cat-file -s cc565671ca6b12a77fccae992d0283094504d7c4 [5ms]
[2022-12-08T04:26:51.939Z] > git check-ignore -v -z --stdin [3ms]
[2022-12-08T04:26:52.169Z] > git status -z -uall [2ms]
[2022-12-08T04:26:52.201Z] > git symbolic-ref --short HEAD [21ms]
[2022-12-08T04:26:52.216Z] > git for-each-ref --format=%(refname)%00%(upstream:short)%00%(objectname)%00%(upstream:track)%00%(upstream:remotename)%00%(upstream:remoteref) refs/heads/master refs/remotes/master [1ms]
[2022-12-08T04:26:52.241Z] > git for-each-ref --sort -committerdate --format %(refname) %(objectname) %(*objectname) [10ms]
[2022-12-08T04:26:52.242Z] > git remote --verbose [2ms]
[2022-12-08T04:26:52.294Z] > git config --get commit.template [13ms]
[2022-12-08T04:27:22.913Z] > git check-ignore -v -z --stdin [7ms]
[2022-12-08T04:28:12.888Z] > git status -z -uall [2ms]
[2022-12-08T04:28:12.907Z] > git symbolic-ref --short HEAD [3ms]
[2022-12-08T04:28:12.933Z] > git for-each-ref --format=%(refname)%00%(upstream:short)%00%(objectname)%00%(upstream:track)%00%(upstream:remotename)%00%(upstream:remoteref) refs/heads/master refs/remotes/master [3ms]
[2022-12-08T04:28:12.970Z] > git remote --verbose [2ms]
[2022-12-08T04:28:12.970Z] > git for-each-ref --sort -committerdate --format %(refname) %(objectname) %(*objectname) [18ms]
[2022-12-08T04:28:13.000Z] > git config --get commit.template [11ms]
[2022-12-08T04:28:13.041Z] > git ls-files --stage -- /home/gmperez/test/python-starterpack/.gitignore [22ms]
[2022-12-08T04:28:13.049Z] > git ls-files --stage -- /home/gmperez/test/python-starterpack/README.md [12ms]
[2022-12-08T04:28:13.060Z] > git cat-file -s cc565671ca6b12a77fccae992d0283094504d7c4 [2ms]
[2022-12-08T04:28:13.104Z] > git show --textconv :.gitignore [22ms]
[2022-12-08T04:28:13.115Z] > git show --textconv :README.md [24ms]
[2022-12-08T04:33:23.784Z] > git check-ignore -v -z --stdin [1ms]
[2022-12-08T04:33:24.332Z] > git status -z -uall [3ms]
[2022-12-08T04:33:24.345Z] > git symbolic-ref --short HEAD [1ms]
[2022-12-08T04:33:24.358Z] > git for-each-ref --format=%(refname)%00%(upstream:short)%00%(objectname)%00%(upstream:track)%00%(upstream:remotename)%00%(upstream:remoteref) refs/heads/master refs/remotes/master [4ms]
[2022-12-08T04:33:24.409Z] > git remote --verbose [9ms]
[2022-12-08T04:33:24.410Z] > git for-each-ref --sort -committerdate --format %(refname) %(objectname) %(*objectname) [30ms]
[2022-12-08T04:33:24.436Z] > git config --get commit.template [4ms]
[2022-12-08T04:33:47.058Z] > git status -z -uall [2900ms]
[2022-12-08T04:33:47.096Z] > git check-ignore -v -z --stdin [2988ms]
[2022-12-08T04:33:47.661Z] > git show --textconv :app/main.py [114ms]
[2022-12-08T04:33:47.671Z] > git symbolic-ref --short HEAD [576ms]
[2022-12-08T04:33:49.521Z] > git ls-files --stage -- /home/gmperez/test/python-starterpack/app/main.py [1935ms]
[2022-12-08T04:33:50.233Z] > git for-each-ref --format=%(refname)%00%(upstream:short)%00%(objectname)%00%(upstream:track)%00%(upstream:remotename)%00%(upstream:remoteref) refs/heads/master refs/remotes/master [2540ms]
[2022-12-08T04:33:50.351Z] > git remote --verbose [41ms]
[2022-12-08T04:33:50.352Z] > git for-each-ref --sort -committerdate --format %(refname) %(objectname) %(*objectname) [82ms]
[2022-12-08T04:33:50.502Z] > git config --get commit.template [62ms]
[2022-12-08T04:35:49.933Z] > git show --textconv :app/requierements.txt [73ms]
[2022-12-08T04:35:49.935Z] > git ls-files --stage -- /home/gmperez/test/python-starterpack/app/requierements.txt [44ms]
[2022-12-08T04:35:49.950Z] > git check-ignore -v -z --stdin [19ms]
[2022-12-08T04:35:50.216Z] > git status -z -uall [13ms]
[2022-12-08T04:35:50.237Z] > git symbolic-ref --short HEAD [3ms]
[2022-12-08T04:35:50.272Z] > git for-each-ref --format=%(refname)%00%(upstream:short)%00%(objectname)%00%(upstream:track)%00%(upstream:remotename)%00%(upstream:remoteref) refs/heads/master refs/remotes/master [8ms]
[2022-12-08T04:35:50.413Z] > git for-each-ref --sort -committerdate --format %(refname) %(objectname) %(*objectname) [60ms]
[2022-12-08T04:35:50.415Z] > git remote --verbose [18ms]
[2022-12-08T04:35:50.488Z] > git config --get commit.template [19ms]
[2022-12-08T04:36:11.638Z] > git show --textconv :app/requirements.txt [97ms]
[2022-12-08T04:36:11.638Z] > git check-ignore -v -z --stdin [4ms]
[2022-12-08T04:36:11.648Z] > git ls-files --stage -- /home/gmperez/test/python-starterpack/app/requirements.txt [86ms]
[2022-12-08T04:36:12.059Z] > git status -z -uall [10ms]
[2022-12-08T04:36:12.080Z] > git symbolic-ref --short HEAD [3ms]
[2022-12-08T04:36:12.121Z] > git for-each-ref --format=%(refname)%00%(upstream:short)%00%(objectname)%00%(upstream:track)%00%(upstream:remotename)%00%(upstream:remoteref) refs/heads/master refs/remotes/master [10ms]
[2022-12-08T04:36:12.161Z] > git remote --verbose [2ms]
[2022-12-08T04:36:12.162Z] > git for-each-ref --sort -committerdate --format %(refname) %(objectname) %(*objectname) [25ms]
[2022-12-08T04:36:12.197Z] > git config --get commit.template [18ms]
[2022-12-08T04:37:40.513Z] > git show --textconv :app/main.py [22ms]
[2022-12-08T04:37:40.513Z] > git ls-files --stage -- /home/gmperez/test/python-starterpack/app/main.py [2ms]
[2022-12-08T04:43:21.065Z] > git show --textconv :app/requirements.txt [35ms]
[2022-12-08T04:43:21.067Z] > git ls-files --stage -- /home/gmperez/test/python-starterpack/app/requirements.txt [3ms]
[2022-12-08T04:43:48.264Z] > git show --textconv :app/main.py [50ms]
[2022-12-08T04:43:48.265Z] > git ls-files --stage -- /home/gmperez/test/python-starterpack/app/main.py [3ms]
[2022-12-08T04:44:10.653Z] > git show --textconv :app/requirements.txt [33ms]
[2022-12-08T04:44:10.653Z] > git ls-files --stage -- /home/gmperez/test/python-starterpack/app/requirements.txt [5ms]
[2022-12-08T04:44:14.408Z] > git show --textconv :app/main.py [32ms]
[2022-12-08T04:44:14.424Z] > git ls-files --stage -- /home/gmperez/test/python-starterpack/app/main.py [18ms]
[2022-12-08T04:50:22.252Z] > git status -z -uall [2ms]
[2022-12-08T04:50:22.264Z] > git symbolic-ref --short HEAD [2ms]
[2022-12-08T04:50:22.279Z] > git for-each-ref --format=%(refname)%00%(upstream:short)%00%(objectname)%00%(upstream:track)%00%(upstream:remotename)%00%(upstream:remoteref) refs/heads/master refs/remotes/master [2ms]
[2022-12-08T04:50:22.304Z] > git remote --verbose [2ms]
[2022-12-08T04:50:22.304Z] > git for-each-ref --sort -committerdate --format %(refname) %(objectname) %(*objectname) [11ms]
[2022-12-08T04:50:22.321Z] > git config --get commit.template [2ms]
[2022-12-08T04:51:25.114Z] > git show --textconv :app/requirements.txt [38ms]
[2022-12-08T04:51:25.126Z] > git ls-files --stage -- /home/gmperez/test/python-starterpack/app/requirements.txt [17ms]
[2022-12-08T04:51:45.027Z] > git show --textconv :app/main.py [38ms]
[2022-12-08T04:51:45.028Z] > git ls-files --stage -- /home/gmperez/test/python-starterpack/app/main.py [8ms]
[2022-12-08T04:52:29.448Z] > git show --textconv :app/requirements.txt [25ms]
[2022-12-08T04:52:29.460Z] > git ls-files --stage -- /home/gmperez/test/python-starterpack/app/requirements.txt [14ms]
[2022-12-08T04:52:33.584Z] > git show --textconv :app/main.py [24ms]
[2022-12-08T04:52:33.584Z] > git ls-files --stage -- /home/gmperez/test/python-starterpack/app/main.py [6ms]
[2022-12-08T04:53:40.464Z] > git show --textconv :app/requirements.txt [31ms]
[2022-12-08T04:53:40.464Z] > git ls-files --stage -- /home/gmperez/test/python-starterpack/app/requirements.txt [2ms]
[2022-12-08T04:53:42.670Z] > git show --textconv :app/main.py [20ms]
[2022-12-08T04:53:42.670Z] > git ls-files --stage -- /home/gmperez/test/python-starterpack/app/main.py [2ms]
[2022-12-08T04:54:19.614Z] > git show --textconv :app/requirements.txt [22ms]
[2022-12-08T04:54:19.626Z] > git ls-files --stage -- /home/gmperez/test/python-starterpack/app/requirements.txt [13ms]
[2022-12-08T04:54:22.457Z] > git status -z -uall [2ms]
[2022-12-08T04:54:22.471Z] > git symbolic-ref --short HEAD [1ms]
[2022-12-08T04:54:22.486Z] > git for-each-ref --format=%(refname)%00%(upstream:short)%00%(objectname)%00%(upstream:track)%00%(upstream:remotename)%00%(upstream:remoteref) refs/heads/master refs/remotes/master [2ms]
[2022-12-08T04:54:22.509Z] > git remote --verbose [2ms]
[2022-12-08T04:54:22.509Z] > git for-each-ref --sort -committerdate --format %(refname) %(objectname) %(*objectname) [13ms]
[2022-12-08T04:54:22.525Z] > git config --get commit.template [1ms]
[2022-12-08T04:54:24.940Z] > git show --textconv :app/main.py [26ms]
[2022-12-08T04:54:24.942Z] > git ls-files --stage -- /home/gmperez/test/python-starterpack/app/main.py [4ms]
[2022-12-08T04:54:57.399Z] > git status -z -uall [4ms]
[2022-12-08T04:54:57.418Z] > git symbolic-ref --short HEAD [2ms]
[2022-12-08T04:54:57.436Z] > git for-each-ref --format=%(refname)%00%(upstream:short)%00%(objectname)%00%(upstream:track)%00%(upstream:remotename)%00%(upstream:remoteref) refs/heads/master refs/remotes/master [2ms]
[2022-12-08T04:54:57.487Z] > git for-each-ref --sort -committerdate --format %(refname) %(objectname) %(*objectname) [21ms]
[2022-12-08T04:54:57.499Z] > git remote --verbose [13ms]
[2022-12-08T04:54:57.550Z] > git config --get commit.template [2ms]
[2022-12-08T04:56:18.611Z] > git status -z -uall [2ms]
[2022-12-08T04:56:18.625Z] > git symbolic-ref --short HEAD [4ms]
[2022-12-08T04:56:18.637Z] > git for-each-ref --format=%(refname)%00%(upstream:short)%00%(objectname)%00%(upstream:track)%00%(upstream:remotename)%00%(upstream:remoteref) refs/heads/master refs/remotes/master [1ms]
[2022-12-08T04:56:18.662Z] > git for-each-ref --sort -committerdate --format %(refname) %(objectname) %(*objectname) [13ms]
[2022-12-08T04:56:18.663Z] > git remote --verbose [2ms]
[2022-12-08T04:56:18.680Z] > git config --get commit.template [2ms]
[2022-12-08T04:58:20.447Z] > git status -z -uall [3ms]
[2022-12-08T04:58:20.461Z] > git symbolic-ref --short HEAD [2ms]
[2022-12-08T04:58:20.496Z] > git for-each-ref --format=%(refname)%00%(upstream:short)%00%(objectname)%00%(upstream:track)%00%(upstream:remotename)%00%(upstream:remoteref) refs/heads/master refs/remotes/master [1ms]
[2022-12-08T04:58:20.523Z] > git remote --verbose [3ms]
[2022-12-08T04:58:20.524Z] > git for-each-ref --sort -committerdate --format %(refname) %(objectname) %(*objectname) [14ms]
[2022-12-08T04:58:20.544Z] > git config --get commit.template [2ms]
[2022-12-08T04:58:33.838Z] > git status -z -uall [1ms]
[2022-12-08T04:58:33.855Z] > git symbolic-ref --short HEAD [4ms]
[2022-12-08T04:58:33.876Z] > git for-each-ref --format=%(refname)%00%(upstream:short)%00%(objectname)%00%(upstream:track)%00%(upstream:remotename)%00%(upstream:remoteref) refs/heads/master refs/remotes/master [5ms]
[2022-12-08T04:58:33.942Z] > git for-each-ref --sort -committerdate --format %(refname) %(objectname) %(*objectname) [41ms]
[2022-12-08T04:58:33.960Z] > git remote --verbose [20ms]
[2022-12-08T04:58:34.023Z] > git config --get commit.template [13ms]
[2022-12-09T03:48:52.471Z] > git status -z -uall [2077ms]
[2022-12-09T03:48:53.161Z] > git symbolic-ref --short HEAD [30ms]
[2022-12-09T03:48:53.332Z] > git ls-files --stage -- /home/gmperez/test/python-starterpack/app/requirements.txt [2ms]
[2022-12-09T03:48:53.351Z] > git for-each-ref --format=%(refname)%00%(upstream:short)%00%(objectname)%00%(upstream:track)%00%(upstream:remotename)%00%(upstream:remoteref) refs/heads/master refs/remotes/master [64ms]
[2022-12-09T03:48:53.375Z] > git remote --verbose [2ms]
[2022-12-09T03:48:53.376Z] > git for-each-ref --sort -committerdate --format %(refname) %(objectname) %(*objectname) [15ms]
[2022-12-09T03:48:53.642Z] > git show --textconv :app/requirements.txt [342ms]
[2022-12-09T03:48:53.650Z] > git config --get commit.template [166ms]
[2022-12-09T03:48:56.015Z] > git show --textconv :app/main.py [13ms]
[2022-12-09T03:48:56.016Z] > git ls-files --stage -- /home/gmperez/test/python-starterpack/app/main.py [3ms]
[2022-12-09T03:48:58.688Z] > git status -z -uall [3ms]
[2022-12-09T03:48:58.704Z] > git symbolic-ref --short HEAD [2ms]
[2022-12-09T03:48:58.718Z] > git for-each-ref --format=%(refname)%00%(upstream:short)%00%(objectname)%00%(upstream:track)%00%(upstream:remotename)%00%(upstream:remoteref) refs/heads/master refs/remotes/master [2ms]
[2022-12-09T03:48:58.757Z] > git for-each-ref --sort -committerdate --format %(refname) %(objectname) %(*objectname) [20ms]
[2022-12-09T03:48:58.761Z] > git remote --verbose [6ms]
[2022-12-09T03:48:58.777Z] > git config --get commit.template [2ms]
[2022-12-09T03:49:35.180Z] > git check-ignore -v -z --stdin [49ms]
[2022-12-09T03:51:18.017Z] > git show --textconv :app/main.py [17ms]
[2022-12-09T03:51:18.017Z] > git ls-files --stage -- /home/gmperez/test/python-starterpack/app/main.py [2ms]
[2022-12-09T03:51:21.683Z] > git status -z -uall [2ms]
[2022-12-09T03:51:21.697Z] > git symbolic-ref --short HEAD [1ms]
[2022-12-09T03:51:21.711Z] > git for-each-ref --format=%(refname)%00%(upstream:short)%00%(objectname)%00%(upstream:track)%00%(upstream:remotename)%00%(upstream:remoteref) refs/heads/master refs/remotes/master [1ms]
[2022-12-09T03:51:21.739Z] > git for-each-ref --sort -committerdate --format %(refname) %(objectname) %(*objectname) [15ms]
[2022-12-09T03:51:21.740Z] > git remote --verbose [2ms]
[2022-12-09T03:51:21.758Z] > git config --get commit.template [2ms]
