[Info  - 10:34:06 PM] (13450) Pylance language server 2022.11.40 (pyright 45344736) starting
[Info  - 10:34:06 PM] (13450) Server root directory: /home/gmperez/.vscode-server/extensions/ms-python.vscode-pylance-2022.11.40/dist
[Info  - 10:34:06 PM] (13450) Starting service instance "python-starterpack"
[Info  - 10:34:07 PM] (13450) Notebook support: LSP
[Info  - 10:34:07 PM] (13450) Interactive window support: LSP
[Info  - 10:34:07 PM] (13450) No configuration file found.
[Info  - 10:34:07 PM] (13450) No pyproject.toml file found.
[Info  - 10:34:07 PM] (13450) Setting pythonPath for service "python-starterpack": "/home/gmperez/test/python-starterpack/venv/bin/python"
[Warn  - 10:34:07 PM] (13450) stubPath /home/gmperez/test/python-starterpack/typings is not a valid directory.
[Info  - 10:34:07 PM] (13450) Assuming Python version 3.8
[Info  - 10:34:07 PM] (13450) Assuming Python platform Linux
[Info  - 10:34:09 PM] (13450) Searching for source files
[Info  - 10:34:09 PM] (13450) Auto-excluding /home/gmperez/test/python-starterpack/venv
[Info  - 10:34:09 PM] (13450) Found 1 source file
[Info  - 10:34:11 PM] (13450) Background analysis(1) root directory: /home/gmperez/.vscode-server/extensions/ms-python.vscode-pylance-2022.11.40/dist
[Info  - 10:34:11 PM] (13450) Background analysis(1) started
[Info  - 10:43:15 PM] (13450) No configuration file found.
[Info  - 10:43:15 PM] (13450) No pyproject.toml file found.
[Info  - 10:43:15 PM] (13450) Setting pythonPath for service "python-starterpack": "/home/gmperez/test/python-starterpack/venv/bin/python"
[Warn  - 10:43:15 PM] (13450) stubPath /home/gmperez/test/python-starterpack/typings is not a valid directory.
[Info  - 10:43:15 PM] (13450) Assuming Python version 3.8
[Info  - 10:43:15 PM] (13450) Assuming Python platform Linux
[Info  - 10:43:16 PM] (13450) Searching for source files
[Info  - 10:43:16 PM] (13450) Auto-excluding /home/gmperez/test/python-starterpack/venv
[Info  - 10:43:16 PM] (13450) Found 1 source file
[Info  - 10:54:56 PM] (13450) Searching for source files
[Info  - 10:54:56 PM] (13450) Auto-excluding /home/gmperez/test/python-starterpack/venv
[Info  - 10:54:56 PM] (13450) Found 1 source file
[Info  - 10:54:56 PM] (13450) Searching for source files
[Info  - 10:54:56 PM] (13450) Auto-excluding /home/gmperez/test/python-starterpack/venv
[Info  - 10:54:56 PM] (13450) Found 1 source file
